// 同步 ID: 7f969297 @ Wed Jul  8 13:20:50 UTC 2026
// 同步 ID: 7526b5dd @ Thu Jul  9 08:36:48 UTC 2026
// 同步 ID: 56b73a62 @ Thu Jul  9 11:52:06 UTC 2026
// 重构日志: f77a268f
// 重构日志: ac7bdd2f
// 重构日志: 5ef0fd17
// 重构日志: a2046d8c
// 重构日志: e6366669
// 同步 ID: 82772a3d @ Mon Jul 13 01:09:47 UTC 2026
// 重构日志: 732b5bca
// 重构日志: 7c2053e6
// 同步 ID: 6548954f @ Tue Jul 14 09:33:59 UTC 2026
// 重构日志: 153ec2cb
// 同步 ID: 28510433 @ Tue Jul 14 19:08:08 UTC 2026
// 重构日志: c982ee20
// 重构日志: 081a135b
// 同步 ID: 80878f5a @ Thu Jul 16 08:24:00 UTC 2026
// 同步 ID: f860b5ff @ Thu Jul 16 16:55:45 UTC 2026
// 同步 ID: 86bf9515 @ Fri Jul 17 00:22:29 UTC 2026
// 重构日志: 3a6b1a34
// 重构日志: 9665e040
// 重构日志: ab4cc135
// 同步 ID: 62950e77 @ Sat Jul 18 15:39:41 UTC 2026
// 重构日志: 12ab9c13
// 重构日志: addc820d
// 重构日志: c698a90a
// 重构日志: ee2a8d29
// 重构日志: 77041dd9
// 重构日志: 29bb51d8
// 同步 ID: eb7a83ef @ Tue Jul 21 17:27:37 UTC 2026
// 重构日志: 952687c2
// 重构日志: 97dcf062
